#
# There is insufficient memory for the Java Runtime Environment to continue.
# Native memory allocation (mmap) failed to map 260046848 bytes for G1 virtual space
# Possible reasons:
#   The system is out of physical RAM or swap space
#   The process is running with CompressedOops enabled, and the Java Heap may be blocking the growth of the native heap
# Possible solutions:
#   Reduce memory load on the system
#   Increase physical memory or swap space
#   Check if swap backing store is full
#   Decrease Java heap size (-Xmx/-Xms)
#   Decrease number of Java threads
#   Decrease Java thread stack sizes (-Xss)
#   Set larger code cache with -XX:ReservedCodeCacheSize=
#   JVM is running with Zero Based Compressed Oops mode in which the Java heap is
#     placed in the first 32GB address space. The Java Heap base address is the
#     maximum limit for the native heap growth. Please use -XX:HeapBaseMinAddress
#     to set the Java Heap base and to place the Java Heap above 32GB virtual address.
# This output file may be truncated or incomplete.
#
#  Out of Memory Error (os_windows.cpp:3600), pid=19060, tid=8376
#
# JRE version:  (21.0.1+12) (build )
# Java VM: Java HotSpot(TM) 64-Bit Server VM (21.0.1+12-LTS-29, mixed mode, sharing, tiered, compressed oops, compressed class ptrs, g1 gc, windows-amd64)
# No core dump will be written. Minidumps are not enabled by default on client versions of Windows
#

---------------  S U M M A R Y ------------

Command Line: --add-modules=ALL-DEFAULT jdk.compiler/com.sun.tools.javac.launcher.Main ac99.java

Host: AMD Ryzen 5 5600H with Radeon Graphics         , 12 cores, 15G,  Windows 11 , 64 bit Build 22621 (10.0.22621.3672)
Time: Wed Jul  3 08:35:38 2024 India Standard Time elapsed time: 0.022871 seconds (0d 0h 0m 0s)

---------------  T H R E A D  ---------------

Current thread (0x000001aaefe5f350):  JavaThread "Unknown thread" [_thread_in_vm, id=8376, stack(0x00000092a6900000,0x00000092a6a00000) (1024K)]

Stack: [0x00000092a6900000,0x00000092a6a00000]
Native frames: (J=compiled Java code, j=interpreted, Vv=VM code, C=native code)
V  [jvm.dll+0x6c9029]
V  [jvm.dll+0x854b81]
V  [jvm.dll+0x856e5e]
V  [jvm.dll+0x857543]
V  [jvm.dll+0x280c06]
V  [jvm.dll+0x6c5715]
V  [jvm.dll+0x6ba10a]
V  [jvm.dll+0x3557ea]
V  [jvm.dll+0x35d436]
V  [jvm.dll+0x3ae1be]
V  [jvm.dll+0x3ae468]
V  [jvm.dll+0x3291fc]
V  [jvm.dll+0x329d8b]
V  [jvm.dll+0x81d179]
V  [jvm.dll+0x3bb4f1]
V  [jvm.dll+0x805ae8]
V  [jvm.dll+0x44effe]
V  [jvm.dll+0x450901]
C  [jli.dll+0x52a3]
C  [ucrtbase.dll+0x29333]
C  [KERNEL32.DLL+0x1257d]
C  [ntdll.dll+0x5af28]


---------------  P R O C E S S  ---------------

Threads class SMR info:
_java_thread_list=0x00007ffc563d9b88, length=0, elements={
}

Java Threads: ( => current thread )
Total: 0

Other Threads:
  0x000001aaefec0d40 WorkerThread "GC Thread#0"                     [id=5828, stack(0x00000092a6a00000,0x00000092a6b00000) (1024K)]
  0x000001aaefed2540 ConcurrentGCThread "G1 Main Marker"            [id=22940, stack(0x00000092a6b00000,0x00000092a6c00000) (1024K)]
  0x000001aaefed4300 WorkerThread "G1 Conc#0"                       [id=17536, stack(0x00000092a6c00000,0x00000092a6d00000) (1024K)]

[error occurred during error reporting (printing all threads), id 0xc0000005, EXCEPTION_ACCESS_VIOLATION (0xc0000005) at pc=0x00007ffc55b4c2c7]
VM state: not at safepoint (not fully initialized)

VM Mutex/Monitor currently owned by a thread:  ([mutex/lock_event])
[0x00007ffc5644a6f8] Heap_lock - owner thread: 0x000001aaefe5f350

Heap address: 0x0000000709800000, size: 3944 MB, Compressed Oops mode: Zero based, Oop shift amount: 3

CDS archive(s) mapped at: [0x0000000000000000-0x0000000000000000-0x0000000000000000), size 0, SharedBaseAddress: 0x0000000800000000, ArchiveRelocationMode: 1.
Narrow klass base: 0x0000000000000000, Narrow klass shift: 0, Narrow klass range: 0x0

GC Precious Log:
 CardTable entry size: 512
 Card Set container configuration: InlinePtr #cards 4 size 8 Array Of Cards #cards 16 size 48 Howl #buckets 8 coarsen threshold 3686 Howl Bitmap #cards 512 size 80 coarsen threshold 460 Card regions per heap region 1 cards per card region 4096

Heap:
 garbage-first heap   total 0K, used 0K [0x0000000709800000, 0x0000000800000000)
  region size 2048K, 0 young (0K), 0 survivors (0K)

[error occurred during error reporting (printing heap information), id 0xc0000005, EXCEPTION_ACCESS_VIOLATION (0xc0000005) at pc=0x00007ffc55f31be9]
GC Heap History (0 events):
No events

Dll operation events (1 events):
Event: 0.013 Loaded shared library C:\Program Files\Java\jdk-21\bin\java.dll

Deoptimization events (0 events):
No events

Classes loaded (0 events):
No events

Classes unloaded (0 events):
No events

Classes redefined (0 events):
No events

Internal exceptions (0 events):
No events

ZGC Phase Switch (0 events):
No events

VM Operations (0 events):
No events

Events (0 events):
No events


Dynamic libraries:
0x00007ff6c73b0000 - 0x00007ff6c73c0000 	C:\Program Files\Java\jdk-21\bin\java.exe
0x00007ffc8d710000 - 0x00007ffc8d927000 	C:\Windows\SYSTEM32\ntdll.dll
0x00007ffc43ac0000 - 0x00007ffc43ad9000 	C:\Program Files\Avast Software\Avast\aswhook.dll
0x00007ffc8cde0000 - 0x00007ffc8cea4000 	C:\Windows\System32\KERNEL32.DLL
0x00007ffc8ab00000 - 0x00007ffc8aead000 	C:\Windows\System32\KERNELBASE.dll
0x00007ffc8af50000 - 0x00007ffc8b061000 	C:\Windows\System32\ucrtbase.dll
0x00007ffc610b0000 - 0x00007ffc610c9000 	C:\Program Files\Java\jdk-21\bin\jli.dll
0x00007ffc60fe0000 - 0x00007ffc60ffb000 	C:\Program Files\Java\jdk-21\bin\VCRUNTIME140.dll
0x00007ffc8cf30000 - 0x00007ffc8cfe2000 	C:\Windows\System32\ADVAPI32.dll
0x00007ffc8c6e0000 - 0x00007ffc8c787000 	C:\Windows\System32\msvcrt.dll
0x00007ffc8c790000 - 0x00007ffc8c839000 	C:\Windows\System32\sechost.dll
0x00007ffc8b230000 - 0x00007ffc8b258000 	C:\Windows\System32\bcrypt.dll
0x00007ffc8b770000 - 0x00007ffc8b884000 	C:\Windows\System32\RPCRT4.dll
0x00007ffc8b480000 - 0x00007ffc8b62e000 	C:\Windows\System32\USER32.dll
0x00007ffc8aeb0000 - 0x00007ffc8aed6000 	C:\Windows\System32\win32u.dll
0x00007ffc8b450000 - 0x00007ffc8b479000 	C:\Windows\System32\GDI32.dll
0x00007ffc77aa0000 - 0x00007ffc77d33000 	C:\Windows\WinSxS\amd64_microsoft.windows.common-controls_6595b64144ccf1df_6.0.22621.3672_none_2713b9d173822955\COMCTL32.dll
0x00007ffc8b110000 - 0x00007ffc8b229000 	C:\Windows\System32\gdi32full.dll
0x00007ffc8b070000 - 0x00007ffc8b10a000 	C:\Windows\System32\msvcp_win.dll
0x00007ffc84010000 - 0x00007ffc8401a000 	C:\Windows\SYSTEM32\VERSION.dll
0x00007ffc8d580000 - 0x00007ffc8d5b1000 	C:\Windows\System32\IMM32.DLL
0x00007ffc610a0000 - 0x00007ffc610ac000 	C:\Program Files\Java\jdk-21\bin\vcruntime140_1.dll
0x00007ffc5a150000 - 0x00007ffc5a1de000 	C:\Program Files\Java\jdk-21\bin\msvcp140.dll
0x00007ffc55810000 - 0x00007ffc56525000 	C:\Program Files\Java\jdk-21\bin\server\jvm.dll
0x00007ffc8d400000 - 0x00007ffc8d471000 	C:\Windows\System32\WS2_32.dll
0x00007ffc89890000 - 0x00007ffc898dd000 	C:\Windows\SYSTEM32\POWRPROF.dll
0x00007ffc85190000 - 0x00007ffc851c4000 	C:\Windows\SYSTEM32\WINMM.dll
0x00007ffc89870000 - 0x00007ffc89883000 	C:\Windows\SYSTEM32\UMPDC.dll
0x00007ffc89b20000 - 0x00007ffc89b38000 	C:\Windows\SYSTEM32\kernel.appcore.dll
0x00007ffc5b3a0000 - 0x00007ffc5b3aa000 	C:\Program Files\Java\jdk-21\bin\jimage.dll
0x00007ffc88330000 - 0x00007ffc88562000 	C:\Windows\SYSTEM32\DBGHELP.DLL
0x00007ffc8c840000 - 0x00007ffc8cbc8000 	C:\Windows\System32\combase.dll
0x00007ffc8d310000 - 0x00007ffc8d3e7000 	C:\Windows\System32\OLEAUT32.dll
0x00007ffc7ee00000 - 0x00007ffc7ee32000 	C:\Windows\SYSTEM32\dbgcore.DLL
0x00007ffc8b3d0000 - 0x00007ffc8b44b000 	C:\Windows\System32\bcryptPrimitives.dll
0x00007ffc5a100000 - 0x00007ffc5a11f000 	C:\Program Files\Java\jdk-21\bin\java.dll

dbghelp: loaded successfully - version: 4.0.5 - missing functions: none
symbol engine: initialized successfully - sym options: 0x614 - pdb path: .;C:\Program Files\Java\jdk-21\bin;C:\Windows\SYSTEM32;C:\Program Files\Avast Software\Avast;C:\Windows\WinSxS\amd64_microsoft.windows.common-controls_6595b64144ccf1df_6.0.22621.3672_none_2713b9d173822955;C:\Program Files\Java\jdk-21\bin\server

VM Arguments:
jvm_args: --add-modules=ALL-DEFAULT 
java_command: jdk.compiler/com.sun.tools.javac.launcher.Main ac99.java
java_class_path (initial): .
Launcher Type: SUN_STANDARD

[Global flags]
     intx CICompilerCount                          = 4                                         {product} {ergonomic}
     uint ConcGCThreads                            = 3                                         {product} {ergonomic}
     uint G1ConcRefinementThreads                  = 10                                        {product} {ergonomic}
   size_t G1HeapRegionSize                         = 2097152                                   {product} {ergonomic}
    uintx GCDrainStackTargetSize                   = 64                                        {product} {ergonomic}
   size_t InitialHeapSize                          = 260046848                                 {product} {ergonomic}
   size_t MarkStackSize                            = 4194304                                   {product} {ergonomic}
   size_t MaxHeapSize                              = 4135583744                                {product} {ergonomic}
   size_t MinHeapDeltaBytes                        = 2097152                                   {product} {ergonomic}
   size_t MinHeapSize                              = 8388608                                   {product} {ergonomic}
    uintx NonNMethodCodeHeapSize                   = 5839372                                {pd product} {ergonomic}
    uintx NonProfiledCodeHeapSize                  = 122909434                              {pd product} {ergonomic}
    uintx ProfiledCodeHeapSize                     = 122909434                              {pd product} {ergonomic}
    uintx ReservedCodeCacheSize                    = 251658240                              {pd product} {ergonomic}
     bool SegmentedCodeCache                       = true                                      {product} {ergonomic}
   size_t SoftMaxHeapSize                          = 4135583744                             {manageable} {ergonomic}
     bool UseCompressedOops                        = true                           {product lp64_product} {ergonomic}
     bool UseG1GC                                  = true                                      {product} {ergonomic}
     bool UseLargePagesIndividualAllocation        = false                                  {pd product} {ergonomic}

Logging:
Log output configuration:
 #0: stdout all=warning uptime,level,tags foldmultilines=false
 #1: stderr all=off uptime,level,tags foldmultilines=false

Environment Variables:
JAVA_HOME=C:\Program Files\Java\jdk-21
PATH=C:\Program Files\Common Files\Oracle\Java\javapath;C:\Windows\system32;C:\Windows;C:\Windows\System32\Wbem;C:\Windows\System32\WindowsPowerShell\v1.0\;C:\Windows\System32\OpenSSH\;C:\Program Files (x86)\NVIDIA Corporation\PhysX\Common;C:\Program Files\NVIDIA Corporation\NVIDIA NvDLISR;C:\Program Files\Java;C:\Program Files\Common Files\Oracle\Java\javapath;C:\Program Files\Java\jdk-21\bin;C:\;C:\ProgramData\chocolatey\bin;C:\Program Files\nodejs\;C:\Program Files\Git\cmd;C:\Users\rajur\AppData\Local\Microsoft\WindowsApps;C:\Users\rajur\AppData\Local\Programs\Microsoft VS Code\bin;C:\Users\rajur\AppData\Roaming\npm;C:\Users\rajur\AppData\Local\GitHubDesktop\bin
USERNAME=rajur
OS=Windows_NT
PROCESSOR_IDENTIFIER=AMD64 Family 25 Model 80 Stepping 0, AuthenticAMD
TMP=C:\Users\rajur\AppData\Local\Temp
TEMP=C:\Users\rajur\AppData\Local\Temp




Periodic native trim disabled

---------------  S Y S T E M  ---------------

OS:
 Windows 11 , 64 bit Build 22621 (10.0.22621.3672)
OS uptime: 0 days 2:13 hours
Hyper-V role detected

CPU: total 12 (initial active 12) (12 cores per cpu, 2 threads per core) family 25 model 80 stepping 0 microcode 0x0, cx8, cmov, fxsr, ht, mmx, 3dnowpref, sse, sse2, sse3, ssse3, sse4a, sse4.1, sse4.2, popcnt, lzcnt, tsc, tscinvbit, avx, avx2, aes, erms, clmul, bmi1, bmi2, adx, sha, fma, vzeroupper, clflush, clflushopt, hv, rdtscp, rdpid, fsrm, f16c, cet_ss
Processor Information for processor 0
  Max Mhz: 3301, Current Mhz: 1805, Mhz Limit: 3301
Processor Information for processor 1
  Max Mhz: 3301, Current Mhz: 1805, Mhz Limit: 3301
Processor Information for processor 2
  Max Mhz: 3301, Current Mhz: 1805, Mhz Limit: 3301
Processor Information for processor 3
  Max Mhz: 3301, Current Mhz: 1908, Mhz Limit: 3301
Processor Information for processor 4
  Max Mhz: 3301, Current Mhz: 1805, Mhz Limit: 3301
Processor Information for processor 5
  Max Mhz: 3301, Current Mhz: 1805, Mhz Limit: 3301
Processor Information for processor 6
  Max Mhz: 3301, Current Mhz: 1805, Mhz Limit: 3301
Processor Information for processor 7
  Max Mhz: 3301, Current Mhz: 1805, Mhz Limit: 3301
Processor Information for processor 8
  Max Mhz: 3301, Current Mhz: 1805, Mhz Limit: 3301
Processor Information for processor 9
  Max Mhz: 3301, Current Mhz: 1805, Mhz Limit: 3301
Processor Information for processor 10
  Max Mhz: 3301, Current Mhz: 1805, Mhz Limit: 3301
Processor Information for processor 11
  Max Mhz: 3301, Current Mhz: 1805, Mhz Limit: 3301

Memory: 4k page, system-wide physical 15773M (6003M free)
TotalPageFile size 15773M (AvailPageFile size 211M)
current process WorkingSet (physical memory assigned to process): 11M, peak: 11M
current process commit charge ("private bytes"): 64M, peak: 312M

vm_info: Java HotSpot(TM) 64-Bit Server VM (21.0.1+12-LTS-29) for windows-amd64 JRE (21.0.1+12-LTS-29), built on 2023-10-05T13:27:09Z by "mach5one" with MS VC++ 17.1 (VS2022)

END.
